------------------------------------------------------------------------------------------------------------------------

[2024-08-18 18:35:39 #1 store.file] 
readTextFile error.

[2024-08-18 18:35:39 #2 store.file] 
java.io.FileNotFoundException: /home/bobog/.objectdb/exolorer.xml (No such file or directory)
	at java.base/java.io.FileInputStream.open0(Native Method)
	at java.base/java.io.FileInputStream.open(FileInputStream.java:213)
	at java.base/java.io.FileInputStream.<init>(FileInputStream.java:152)
	at java.base/java.io.FileInputStream.<init>(FileInputStream.java:106)
	at com.objectdb.o.STH.B(STH.java:731)
	at com.objectdb.o.STH.A(STH.java:715)
	at com.objectdb.o.CNF.<init>(CNF.java:106)
	at com.objectdb.o.CNF.<clinit>(CNF.java:32)
	at com.objectdb.o.MainFrame.init(MainFrame.java:132)
	at com.objectdb.o.EXA.<init>(EXA.java:77)
	at com.objectdb.Explorer$1.run(Explorer.java:57)
	at java.desktop/java.awt.event.InvocationEvent.dispatch(InvocationEvent.java:318)
	at java.desktop/java.awt.EventQueue.dispatchEventImpl(EventQueue.java:773)
	at java.desktop/java.awt.EventQueue$4.run(EventQueue.java:720)
	at java.desktop/java.awt.EventQueue$4.run(EventQueue.java:714)
	at java.base/java.security.AccessController.doPrivileged(AccessController.java:400)
	at java.base/java.security.ProtectionDomain$JavaSecurityAccessImpl.doIntersectionPrivilege(ProtectionDomain.java:87)
	at java.desktop/java.awt.EventQueue.dispatchEvent(EventQueue.java:742)
	at java.desktop/java.awt.EventDispatchThread.pumpOneEventForFilters(EventDispatchThread.java:203)
	at java.desktop/java.awt.EventDispatchThread.pumpEventsForFilter(EventDispatchThread.java:124)
	at java.desktop/java.awt.EventDispatchThread.pumpEventsForHierarchy(EventDispatchThread.java:113)
	at java.desktop/java.awt.EventDispatchThread.pumpEvents(EventDispatchThread.java:109)
	at java.desktop/java.awt.EventDispatchThread.pumpEvents(EventDispatchThread.java:101)
	at java.desktop/java.awt.EventDispatchThread.run(EventDispatchThread.java:90)

[2024-08-18 18:35:39 #3 store] 
Database '/home/bobog/Documents/Code-Repos/Third-Year/Semester-2/COS-326/Pracs/ODB-Pracs/prac2/app/db/objectdb.odb' is opened by 31454@Leptope

[2024-08-18 18:35:39 #4 store] 
Configuration path: /home/bobog/Documents/Code-Repos/Third-Year/Semester-2/COS-326/objectdb-2.9.0/objectdb-2.9.0/objectdb.conf

[2024-08-18 18:35:39 #5 store.file] 
readTextFile error.

[2024-08-18 18:35:39 #6 store.file] 
java.io.FileNotFoundException: /home/bobog/.objectdb/exolorer.xml (No such file or directory)
	at java.base/java.io.FileInputStream.open0(Native Method)
	at java.base/java.io.FileInputStream.open(FileInputStream.java:213)
	at java.base/java.io.FileInputStream.<init>(FileInputStream.java:152)
	at java.base/java.io.FileInputStream.<init>(FileInputStream.java:106)
	at com.objectdb.o.STH.B(STH.java:731)
	at com.objectdb.o.STH.A(STH.java:715)
	at com.objectdb.o.CNF.<init>(CNF.java:106)
	at com.objectdb.o.CNF.f(CNF.java:130)
	at com.objectdb.o.CNC.s(CNC.java:119)
	at com.objectdb.o.EXA.<init>(EXA.java:87)
	at com.objectdb.Explorer$1.run(Explorer.java:57)
	at java.desktop/java.awt.event.InvocationEvent.dispatch(InvocationEvent.java:318)
	at java.desktop/java.awt.EventQueue.dispatchEventImpl(EventQueue.java:773)
	at java.desktop/java.awt.EventQueue$4.run(EventQueue.java:720)
	at java.desktop/java.awt.EventQueue$4.run(EventQueue.java:714)
	at java.base/java.security.AccessController.doPrivileged(AccessController.java:400)
	at java.base/java.security.ProtectionDomain$JavaSecurityAccessImpl.doIntersectionPrivilege(ProtectionDomain.java:87)
	at java.desktop/java.awt.EventQueue.dispatchEvent(EventQueue.java:742)
	at java.desktop/java.awt.EventDispatchThread.pumpOneEventForFilters(EventDispatchThread.java:203)
	at java.desktop/java.awt.EventDispatchThread.pumpEventsForFilter(EventDispatchThread.java:124)
	at java.desktop/java.awt.EventDispatchThread.pumpEventsForHierarchy(EventDispatchThread.java:113)
	at java.desktop/java.awt.EventDispatchThread.pumpEvents(EventDispatchThread.java:109)
	at java.desktop/java.awt.EventDispatchThread.pumpEvents(EventDispatchThread.java:101)
	at java.desktop/java.awt.EventDispatchThread.run(EventDispatchThread.java:90)

[2024-08-18 18:36:55 #7 store] 
Database '/home/bobog/Documents/Code-Repos/Third-Year/Semester-2/COS-326/Pracs/ODB-Pracs/prac2/app/db/objectdb.odb' is closed by 31454@Leptope

[2024-08-18 18:36:55 #8 store] 
Database '/home/bobog/Documents/Code-Repos/Third-Year/Semester-2/COS-326/Pracs/ODB-Pracs/prac2/app/db/objectdb.odb' is opened by 31454@Leptope

[2024-08-18 18:36:55 #9 store] 
Configuration path: /home/bobog/Documents/Code-Repos/Third-Year/Semester-2/COS-326/objectdb-2.9.0/objectdb-2.9.0/objectdb.conf

[2024-08-18 18:37:33 #10 store] 
Database '/home/bobog/Documents/Code-Repos/Third-Year/Semester-2/COS-326/Pracs/ODB-Pracs/prac2/app/db/objectdb.odb' is closed by 31454@Leptope

[2024-08-18 18:38:21 #11 explorer] 
[ObjectDB 2.9.0] javax.persistence.PersistenceException
Attempt to open a database file '/home/bobog/Documents/Code-Repos/Third-Year/Semester-2/COS-326/Pracs/ODB-Pracs/prac2/app/db/objectdb.odb$' that is currently in use by another process (error 141)
	at java.desktop/javax.swing.AbstractButton.fireActionPerformed(AbstractButton.java:1972)
	at java.desktop/javax.swing.AbstractButton$Handler.actionPerformed(AbstractButton.java:2314)
	at java.desktop/javax.swing.DefaultButtonModel.fireActionPerformed(DefaultButtonModel.java:407)
	at java.desktop/javax.swing.DefaultButtonModel.setPressed(DefaultButtonModel.java:262)
	at java.desktop/javax.swing.AbstractButton.doClick(AbstractButton.java:374)
	at java.desktop/javax.swing.plaf.basic.BasicMenuItemUI.doClick(BasicMenuItemUI.java:1029)
	at java.desktop/javax.swing.plaf.basic.BasicMenuItemUI$Handler.mouseReleased(BasicMenuItemUI.java:1073)
	at java.desktop/java.awt.Component.processMouseEvent(Component.java:6621)
	at java.desktop/javax.swing.JComponent.processMouseEvent(JComponent.java:3398)
	at java.desktop/java.awt.Component.processEvent(Component.java:6386)
	at java.desktop/java.awt.Container.processEvent(Container.java:2266)
	at java.desktop/java.awt.Component.dispatchEventImpl(Component.java:4996)
	at java.desktop/java.awt.Container.dispatchEventImpl(Container.java:2324)
	at java.desktop/java.awt.Component.dispatchEvent(Component.java:4828)
	at java.desktop/java.awt.LightweightDispatcher.retargetMouseEvent(Container.java:4948)
	at java.desktop/java.awt.LightweightDispatcher.processMouseEvent(Container.java:4575)
	at java.desktop/java.awt.LightweightDispatcher.dispatchEvent(Container.java:4516)
	at java.desktop/java.awt.Container.dispatchEventImpl(Container.java:2310)
	at java.desktop/java.awt.Window.dispatchEventImpl(Window.java:2780)
	at java.desktop/java.awt.Component.dispatchEvent(Component.java:4828)
	at java.desktop/java.awt.EventQueue.dispatchEventImpl(EventQueue.java:775)
	at java.desktop/java.awt.EventQueue$4.run(EventQueue.java:720)
	at java.desktop/java.awt.EventQueue$4.run(EventQueue.java:714)
	at java.base/java.security.AccessController.doPrivileged(AccessController.java:400)
	at java.base/java.security.ProtectionDomain$JavaSecurityAccessImpl.doIntersectionPrivilege(ProtectionDomain.java:87)
	at java.base/java.security.ProtectionDomain$JavaSecurityAccessImpl.doIntersectionPrivilege(ProtectionDomain.java:98)
	at java.desktop/java.awt.EventQueue$5.run(EventQueue.java:747)
	at java.desktop/java.awt.EventQueue$5.run(EventQueue.java:745)
	at java.base/java.security.AccessController.doPrivileged(AccessController.java:400)
	at java.base/java.security.ProtectionDomain$JavaSecurityAccessImpl.doIntersectionPrivilege(ProtectionDomain.java:87)
	at java.desktop/java.awt.EventQueue.dispatchEvent(EventQueue.java:744)
	at java.desktop/java.awt.EventDispatchThread.pumpOneEventForFilters(EventDispatchThread.java:203)
	at java.desktop/java.awt.EventDispatchThread.pumpEventsForFilter(EventDispatchThread.java:124)
	at java.desktop/java.awt.EventDispatchThread.pumpEventsForHierarchy(EventDispatchThread.java:113)
	at java.desktop/java.awt.EventDispatchThread.pumpEvents(EventDispatchThread.java:109)
	at java.desktop/java.awt.EventDispatchThread.pumpEvents(EventDispatchThread.java:101)
	at java.desktop/java.awt.EventDispatchThread.run(EventDispatchThread.java:90)
Caused by: com.objectdb.o.UserException: Attempt to open a database file '/home/bobog/Documents/Code-Repos/Third-Year/Semester-2/COS-326/Pracs/ODB-Pracs/prac2/app/db/objectdb.odb$' that is currently in use by another process
	at com.objectdb.o.MSG.a(MSG.java:64)
	at com.objectdb.o.LFL.J(LFL.java:947)
	at com.objectdb.o.LFL.x(LFL.java:904)
	at com.objectdb.o.LFL.x(LFL.java:814)
	at com.objectdb.o.DFL.d(DFL.java:514)
	at com.objectdb.o.DFL.H(DFL.java:480)
	at com.objectdb.o.DFL.<init>(DFL.java:288)
	at com.objectdb.o.DMG.<init>(DMG.java:27)
	at com.objectdb.o.MST.<init>(MST.java:127)
	at com.objectdb.o.MST.ap(MST.java:109)
	at com.objectdb.o.MSF.YW(MSF.java:190)
	at com.objectdb.o.OMF.s(OMF.java:810)
	at com.objectdb.jpa.EMF.s(EMF.java:130)
	at com.objectdb.o.OMF.x(OMF.java:716)
	at com.objectdb.jpa.EMF.createEntityManager(EMF.java:149)
	... 39 more

[2024-08-18 18:38:32 #12 store] 
Database '/home/bobog/Documents/Code-Repos/Third-Year/Semester-2/COS-326/Pracs/ODB-Pracs/prac2/app/db/objectdb.odb' has been recovered (tr. 9-11)

[2024-08-18 18:38:32 #13 store] 
Database '/home/bobog/Documents/Code-Repos/Third-Year/Semester-2/COS-326/Pracs/ODB-Pracs/prac2/app/db/objectdb.odb' is opened by 31454@Leptope

[2024-08-18 18:38:32 #14 store] 
Configuration path: /home/bobog/Documents/Code-Repos/Third-Year/Semester-2/COS-326/objectdb-2.9.0/objectdb-2.9.0/objectdb.conf

------------------------------------------------------------------------------------------------------------------------

[2024-08-18 18:40:49 #1 store] 
Database '/home/bobog/Documents/Code-Repos/Third-Year/Semester-2/COS-326/Pracs/ODB-Pracs/prac2/app/db/objectdb.odb' is opened by 35417@Leptope

[2024-08-18 18:40:49 #2 store] 
Configuration path: /home/bobog/Documents/Code-Repos/Third-Year/Semester-2/COS-326/objectdb-2.9.0/objectdb-2.9.0/objectdb.conf

[2024-08-18 18:41:29 #3 store] 
Database '/home/bobog/Documents/Code-Repos/Third-Year/Semester-2/COS-326/Pracs/ODB-Pracs/prac2/app/db/objectdb.odb' is closed by 35417@Leptope

------------------------------------------------------------------------------------------------------------------------

[2024-08-18 18:46:28 #1 store] 
Database '/home/bobog/Documents/Code-Repos/Third-Year/Semester-2/COS-326/Pracs/ODB-Pracs/prac2/app/db/objectdb.odb' is opened by 39480@Leptope

[2024-08-18 18:46:28 #2 store] 
Configuration path: /home/bobog/Documents/Code-Repos/Third-Year/Semester-2/COS-326/objectdb-2.9.0/objectdb-2.9.0/objectdb.conf

[2024-08-18 18:46:47 #3 store] 
Database '/home/bobog/Documents/Code-Repos/Third-Year/Semester-2/COS-326/Pracs/ODB-Pracs/prac2/app/db/objectdb.odb' is closed by 39480@Leptope

------------------------------------------------------------------------------------------------------------------------

[2024-08-18 18:49:03 #1 store] 
Database '/home/bobog/Documents/Code-Repos/Third-Year/Semester-2/COS-326/Pracs/ODB-Pracs/prac2/app/db/objectdb.odb' is opened by 41267@Leptope

[2024-08-18 18:49:03 #2 store] 
Configuration path: /home/bobog/Documents/Code-Repos/Third-Year/Semester-2/COS-326/objectdb-2.9.0/objectdb-2.9.0/objectdb.conf

[2024-08-18 18:49:17 #3 store] 
Database '/home/bobog/Documents/Code-Repos/Third-Year/Semester-2/COS-326/Pracs/ODB-Pracs/prac2/app/db/objectdb.odb' is closed by 41267@Leptope

------------------------------------------------------------------------------------------------------------------------

[2024-08-18 19:15:32 #1 store] 
Database '/home/bobog/Documents/Code-Repos/Third-Year/Semester-2/COS-326/Pracs/ODB-Pracs/prac2/app/db/objectdb.odb' is opened by 44389@Leptope

[2024-08-18 19:15:32 #2 store] 
Configuration path: /home/bobog/Documents/Code-Repos/Third-Year/Semester-2/COS-326/objectdb-2.9.0/objectdb-2.9.0/objectdb.conf

[2024-08-18 19:16:32 #3 store] 
Database '/home/bobog/Documents/Code-Repos/Third-Year/Semester-2/COS-326/Pracs/ODB-Pracs/prac2/app/db/objectdb.odb' is closed by 44389@Leptope

------------------------------------------------------------------------------------------------------------------------

[2024-08-18 19:32:11 #1 store] 
Database '/home/bobog/Documents/Code-Repos/Third-Year/Semester-2/COS-326/Pracs/ODB-Pracs/prac2/app/db/objectdb.odb' is opened by 53419@Leptope

[2024-08-18 19:32:11 #2 store] 
Configuration path: /home/bobog/Documents/Code-Repos/Third-Year/Semester-2/COS-326/objectdb-2.9.0/objectdb-2.9.0/objectdb.conf

[2024-08-18 19:32:20 #3 store] 
Database '/home/bobog/Documents/Code-Repos/Third-Year/Semester-2/COS-326/Pracs/ODB-Pracs/prac2/app/db/objectdb.odb' is closed by 53419@Leptope

------------------------------------------------------------------------------------------------------------------------

[2024-08-18 19:33:16 #1 store] 
Database '/home/bobog/Documents/Code-Repos/Third-Year/Semester-2/COS-326/Pracs/ODB-Pracs/prac2/app/db/objectdb.odb' is opened by 54306@Leptope

[2024-08-18 19:33:16 #2 store] 
Configuration path: /home/bobog/Documents/Code-Repos/Third-Year/Semester-2/COS-326/objectdb-2.9.0/objectdb-2.9.0/objectdb.conf

[2024-08-18 19:33:49 #3 store] 
Database '/home/bobog/Documents/Code-Repos/Third-Year/Semester-2/COS-326/Pracs/ODB-Pracs/prac2/app/db/objectdb.odb' is closed by 54306@Leptope

------------------------------------------------------------------------------------------------------------------------

[2024-08-18 19:34:07 #1 store] 
Database '/home/bobog/Documents/Code-Repos/Third-Year/Semester-2/COS-326/Pracs/ODB-Pracs/prac2/app/db/objectdb.odb' is opened by 55009@Leptope

[2024-08-18 19:34:07 #2 store] 
Configuration path: /home/bobog/Documents/Code-Repos/Third-Year/Semester-2/COS-326/objectdb-2.9.0/objectdb-2.9.0/objectdb.conf

[2024-08-18 19:34:21 #3 store] 
Database '/home/bobog/Documents/Code-Repos/Third-Year/Semester-2/COS-326/Pracs/ODB-Pracs/prac2/app/db/objectdb.odb' is closed by 55009@Leptope

------------------------------------------------------------------------------------------------------------------------

[2024-08-18 19:34:42 #1 store] 
Database '/home/bobog/Documents/Code-Repos/Third-Year/Semester-2/COS-326/Pracs/ODB-Pracs/prac2/app/db/objectdb.odb' is opened by 55604@Leptope

[2024-08-18 19:34:42 #2 store] 
Configuration path: /home/bobog/Documents/Code-Repos/Third-Year/Semester-2/COS-326/objectdb-2.9.0/objectdb-2.9.0/objectdb.conf

[2024-08-18 19:35:07 #3 store] 
Database '/home/bobog/Documents/Code-Repos/Third-Year/Semester-2/COS-326/Pracs/ODB-Pracs/prac2/app/db/objectdb.odb' is closed by 55604@Leptope

------------------------------------------------------------------------------------------------------------------------

[2024-08-18 19:40:17 #1 store] 
Database '/home/bobog/Documents/Code-Repos/Third-Year/Semester-2/COS-326/Pracs/ODB-Pracs/prac2/app/db/objectdb.odb' is opened by 58681@Leptope

[2024-08-18 19:40:17 #2 store] 
Configuration path: /home/bobog/Documents/Code-Repos/Third-Year/Semester-2/COS-326/objectdb-2.9.0/objectdb-2.9.0/objectdb.conf

[2024-08-18 19:40:57 #3 store] 
Database '/home/bobog/Documents/Code-Repos/Third-Year/Semester-2/COS-326/Pracs/ODB-Pracs/prac2/app/db/objectdb.odb' is closed by 58681@Leptope

------------------------------------------------------------------------------------------------------------------------

[2024-08-18 19:42:39 #1 store] 
Database '/home/bobog/Documents/Code-Repos/Third-Year/Semester-2/COS-326/Pracs/ODB-Pracs/prac2/app/db/objectdb.odb' is opened by 60392@Leptope

[2024-08-18 19:42:39 #2 store] 
Configuration path: /home/bobog/Documents/Code-Repos/Third-Year/Semester-2/COS-326/objectdb-2.9.0/objectdb-2.9.0/objectdb.conf

[2024-08-18 19:42:55 #3 store] 
Database '/home/bobog/Documents/Code-Repos/Third-Year/Semester-2/COS-326/Pracs/ODB-Pracs/prac2/app/db/objectdb.odb' is closed by 60392@Leptope

------------------------------------------------------------------------------------------------------------------------

[2024-08-18 19:43:22 #1 store] 
Database '/home/bobog/Documents/Code-Repos/Third-Year/Semester-2/COS-326/Pracs/ODB-Pracs/prac2/app/db/objectdb.odb' is opened by 61070@Leptope

[2024-08-18 19:43:22 #2 store] 
Configuration path: /home/bobog/Documents/Code-Repos/Third-Year/Semester-2/COS-326/objectdb-2.9.0/objectdb-2.9.0/objectdb.conf

[2024-08-18 19:43:58 #3 store] 
Database '/home/bobog/Documents/Code-Repos/Third-Year/Semester-2/COS-326/Pracs/ODB-Pracs/prac2/app/db/objectdb.odb' is closed by 61070@Leptope

------------------------------------------------------------------------------------------------------------------------

[2024-08-18 19:48:06 #1 store] 
Database '/home/bobog/Documents/Code-Repos/Third-Year/Semester-2/COS-326/Pracs/ODB-Pracs/prac2/app/db/objectdb.odb' is opened by 63287@Leptope

[2024-08-18 19:48:06 #2 store] 
Configuration path: /home/bobog/Documents/Code-Repos/Third-Year/Semester-2/COS-326/objectdb-2.9.0/objectdb-2.9.0/objectdb.conf

[2024-08-18 19:48:26 #3 store] 
Database '/home/bobog/Documents/Code-Repos/Third-Year/Semester-2/COS-326/Pracs/ODB-Pracs/prac2/app/db/objectdb.odb' is closed by 63287@Leptope

[2024-08-18 19:48:46 #4 store] 
Database '/home/bobog/Documents/Code-Repos/Third-Year/Semester-2/COS-326/Pracs/ODB-Pracs/prac2/app/db/objectdb.odb' is opened by 63287@Leptope

[2024-08-18 19:48:46 #5 store] 
Configuration path: /home/bobog/Documents/Code-Repos/Third-Year/Semester-2/COS-326/objectdb-2.9.0/objectdb-2.9.0/objectdb.conf

[2024-08-18 19:49:12 #6 store] 
Database '/home/bobog/Documents/Code-Repos/Third-Year/Semester-2/COS-326/Pracs/ODB-Pracs/prac2/app/db/objectdb.odb' is closed by 63287@Leptope

------------------------------------------------------------------------------------------------------------------------

[2024-08-18 19:49:15 #1 store] 
Database '/home/bobog/Documents/Code-Repos/Third-Year/Semester-2/COS-326/Pracs/ODB-Pracs/prac2/app/db/objectdb.odb' is opened by 63833@Leptope

[2024-08-18 19:49:15 #2 store] 
Configuration path: /home/bobog/Documents/Code-Repos/Third-Year/Semester-2/COS-326/objectdb-2.9.0/objectdb-2.9.0/objectdb.conf

[2024-08-18 19:49:19 #3 store] 
Database '/home/bobog/Documents/Code-Repos/Third-Year/Semester-2/COS-326/Pracs/ODB-Pracs/prac2/app/db/objectdb.odb' is closed by 63833@Leptope

[2024-08-18 19:49:36 #4 explorer] 
[ObjectDB 2.9.0] javax.persistence.PersistenceException
Failed to connect to server localhost:6136 (Connection refused) (error 522)
	at java.desktop/javax.swing.AbstractButton.fireActionPerformed(AbstractButton.java:1972)
	at java.desktop/javax.swing.AbstractButton$Handler.actionPerformed(AbstractButton.java:2314)
	at java.desktop/javax.swing.DefaultButtonModel.fireActionPerformed(DefaultButtonModel.java:407)
	at java.desktop/javax.swing.DefaultButtonModel.setPressed(DefaultButtonModel.java:262)
	at java.desktop/javax.swing.plaf.basic.BasicButtonListener.mouseReleased(BasicButtonListener.java:279)
	at java.desktop/java.awt.AWTEventMulticaster.mouseReleased(AWTEventMulticaster.java:297)
	at java.desktop/java.awt.AWTEventMulticaster.mouseReleased(AWTEventMulticaster.java:297)
	at java.desktop/java.awt.Component.processMouseEvent(Component.java:6621)
	at java.desktop/javax.swing.JComponent.processMouseEvent(JComponent.java:3398)
	at java.desktop/java.awt.Component.processEvent(Component.java:6386)
	at java.desktop/java.awt.Container.processEvent(Container.java:2266)
	at java.desktop/java.awt.Component.dispatchEventImpl(Component.java:4996)
	at java.desktop/java.awt.Container.dispatchEventImpl(Container.java:2324)
	at java.desktop/java.awt.Component.dispatchEvent(Component.java:4828)
	at java.desktop/java.awt.LightweightDispatcher.retargetMouseEvent(Container.java:4948)
	at java.desktop/java.awt.LightweightDispatcher.processMouseEvent(Container.java:4575)
	at java.desktop/java.awt.LightweightDispatcher.dispatchEvent(Container.java:4516)
	at java.desktop/java.awt.Container.dispatchEventImpl(Container.java:2310)
	at java.desktop/java.awt.Window.dispatchEventImpl(Window.java:2780)
	at java.desktop/java.awt.Component.dispatchEvent(Component.java:4828)
	at java.desktop/java.awt.EventQueue.dispatchEventImpl(EventQueue.java:775)
	at java.desktop/java.awt.EventQueue$4.run(EventQueue.java:720)
	at java.desktop/java.awt.EventQueue$4.run(EventQueue.java:714)
	at java.base/java.security.AccessController.doPrivileged(AccessController.java:400)
	at java.base/java.security.ProtectionDomain$JavaSecurityAccessImpl.doIntersectionPrivilege(ProtectionDomain.java:87)
	at java.base/java.security.ProtectionDomain$JavaSecurityAccessImpl.doIntersectionPrivilege(ProtectionDomain.java:98)
	at java.desktop/java.awt.EventQueue$5.run(EventQueue.java:747)
	at java.desktop/java.awt.EventQueue$5.run(EventQueue.java:745)
	at java.base/java.security.AccessController.doPrivileged(AccessController.java:400)
	at java.base/java.security.ProtectionDomain$JavaSecurityAccessImpl.doIntersectionPrivilege(ProtectionDomain.java:87)
	at java.desktop/java.awt.EventQueue.dispatchEvent(EventQueue.java:744)
	at java.desktop/java.awt.EventDispatchThread.pumpOneEventForFilters(EventDispatchThread.java:203)
	at java.desktop/java.awt.EventDispatchThread.pumpEventsForFilter(EventDispatchThread.java:124)
	at java.desktop/java.awt.EventDispatchThread.pumpEventsForHierarchy(EventDispatchThread.java:113)
	at java.desktop/java.awt.EventDispatchThread.pumpEvents(EventDispatchThread.java:109)
	at java.desktop/java.awt.EventDispatchThread.pumpEvents(EventDispatchThread.java:101)
	at java.desktop/java.awt.EventDispatchThread.run(EventDispatchThread.java:90)
Caused by: com.objectdb.o.UserException: Failed to connect to server localhost:6136 (Connection refused)
	at com.objectdb.o.MSG.a(MSG.java:77)
	at com.objectdb.o.CLS.y(CLS.java:155)
	at com.objectdb.o.CST.<init>(CST.java:80)
	at com.objectdb.o.CSF.YW(CSF.java:90)
	at com.objectdb.o.OMF.s(OMF.java:810)
	at com.objectdb.jpa.EMF.s(EMF.java:130)
	at com.objectdb.o.OMF.x(OMF.java:716)
	at com.objectdb.jpa.EMF.createEntityManager(EMF.java:149)
	... 84 more
Caused by: java.net.ConnectException: Connection refused
	at java.base/sun.nio.ch.Net.pollConnect(Native Method)
	at java.base/sun.nio.ch.Net.pollConnectNow(Net.java:682)
	at java.base/sun.nio.ch.NioSocketImpl.timedFinishConnect(NioSocketImpl.java:542)
	at java.base/sun.nio.ch.NioSocketImpl.connect(NioSocketImpl.java:592)
	at java.base/java.net.SocksSocketImpl.connect(SocksSocketImpl.java:327)
	at java.base/java.net.Socket.connect(Socket.java:751)
	at com.objectdb.o.CLS.y(CLS.java:123)
	... 90 more

[2024-08-18 19:50:31 #5 store] 
Database '/home/bobog/Documents/Code-Repos/Third-Year/Semester-2/COS-326/Pracs/ODB-Pracs/prac2/app/db/objectdb.odb' is opened by 63833@Leptope

[2024-08-18 19:50:31 #6 store] 
Configuration path: /home/bobog/Documents/Code-Repos/Third-Year/Semester-2/COS-326/objectdb-2.9.0/objectdb-2.9.0/objectdb.conf

[2024-08-18 19:52:14 #7 store] 
Database '/home/bobog/Documents/Code-Repos/Third-Year/Semester-2/COS-326/Pracs/ODB-Pracs/prac2/app/db/objectdb.odb' is closed by 63833@Leptope

------------------------------------------------------------------------------------------------------------------------

[2024-08-18 22:25:09 #1 store] 
Database '/home/bobog/Documents/Code-Repos/Third-Year/Semester-2/COS-326/Pracs/ODB-Pracs/prac2/app/db/objectdb.odb' is opened by 184127@Leptope

[2024-08-18 22:25:09 #2 store] 
Configuration path: /home/bobog/Documents/Code-Repos/Third-Year/Semester-2/COS-326/objectdb-2.9.0/objectdb-2.9.0/objectdb.conf

[2024-08-18 22:25:37 #3 store] 
Database '/home/bobog/Documents/Code-Repos/Third-Year/Semester-2/COS-326/Pracs/ODB-Pracs/prac2/app/db/objectdb.odb' is closed by 184127@Leptope

------------------------------------------------------------------------------------------------------------------------

[2024-08-18 22:28:19 #1 store] 
Database '/home/bobog/Documents/Code-Repos/Third-Year/Semester-2/COS-326/Pracs/ODB-Pracs/prac2/app/db/objectdb.odb' is opened by 189310@Leptope

[2024-08-18 22:28:19 #2 store] 
Configuration path: /home/bobog/Documents/Code-Repos/Third-Year/Semester-2/COS-326/objectdb-2.9.0/objectdb-2.9.0/objectdb.conf

[2024-08-18 22:28:28 #3 store] 
Database '/home/bobog/Documents/Code-Repos/Third-Year/Semester-2/COS-326/Pracs/ODB-Pracs/prac2/app/db/objectdb.odb' is closed by 189310@Leptope

------------------------------------------------------------------------------------------------------------------------

[2024-08-18 22:37:11 #1 store] 
Database '/home/bobog/Documents/Code-Repos/Third-Year/Semester-2/COS-326/Pracs/ODB-Pracs/prac2/app/db/objectdb.odb' is opened by 202575@Leptope

[2024-08-18 22:37:11 #2 store] 
Configuration path: /home/bobog/Documents/Code-Repos/Third-Year/Semester-2/COS-326/objectdb-2.9.0/objectdb-2.9.0/objectdb.conf

[2024-08-18 22:37:15 #3 store] 
Database '/home/bobog/Documents/Code-Repos/Third-Year/Semester-2/COS-326/Pracs/ODB-Pracs/prac2/app/db/objectdb.odb' is closed by 202575@Leptope

------------------------------------------------------------------------------------------------------------------------

[2024-08-18 22:42:13 #1 store] 
Database '/home/bobog/Documents/Code-Repos/Third-Year/Semester-2/COS-326/Pracs/ODB-Pracs/prac2/app/db/objectdb.odb' is opened by 210534@Leptope

[2024-08-18 22:42:13 #2 store] 
Configuration path: /home/bobog/Documents/Code-Repos/Third-Year/Semester-2/COS-326/objectdb-2.9.0/objectdb-2.9.0/objectdb.conf

[2024-08-18 22:42:22 #3 store] 
Database '/home/bobog/Documents/Code-Repos/Third-Year/Semester-2/COS-326/Pracs/ODB-Pracs/prac2/app/db/objectdb.odb' is closed by 210534@Leptope

