------------------------------------------------------------------------------------------------------------------------

[2024-08-18 23:14:33 #1 store] 
Database '/home/bobog/Documents/Code-Repos/Third-Year/Semester-2/COS-326/Pracs/ODB-Pracs/prac2/db/objectdb.odb' is opened by 381825@Leptope

[2024-08-18 23:14:33 #2 store] 
Configuration path: ?

[2024-08-18 23:14:33 #3 type] 
Type prac2.Transaction is not enhanced.

[2024-08-18 23:14:33 #4 type] 
Type prac2.BankAccount is not enhanced.

[2024-08-18 23:14:33 #5 store] 
Database '/home/bobog/Documents/Code-Repos/Third-Year/Semester-2/COS-326/Pracs/ODB-Pracs/prac2/db/objectdb.odb' is closed by 381825@Leptope

[2024-08-18 23:14:38 #6 store] 
Database '/home/bobog/Documents/Code-Repos/Third-Year/Semester-2/COS-326/Pracs/ODB-Pracs/prac2/db/objectdb.odb' is opened by 381825@Leptope

[2024-08-18 23:14:38 #7 store] 
Configuration path: ?

[2024-08-18 23:14:38 #8 store] 
Database '/home/bobog/Documents/Code-Repos/Third-Year/Semester-2/COS-326/Pracs/ODB-Pracs/prac2/db/objectdb.odb' is closed by 381825@Leptope

[2024-08-18 23:14:38 #9 store] 
Database '/home/bobog/Documents/Code-Repos/Third-Year/Semester-2/COS-326/Pracs/ODB-Pracs/prac2/db/objectdb.odb' is opened by 381825@Leptope

[2024-08-18 23:14:38 #10 store] 
Configuration path: ?

[2024-08-18 23:14:38 #11 store] 
Database '/home/bobog/Documents/Code-Repos/Third-Year/Semester-2/COS-326/Pracs/ODB-Pracs/prac2/db/objectdb.odb' is closed by 381825@Leptope

[2024-08-18 23:14:40 #12 store] 
Database '/home/bobog/Documents/Code-Repos/Third-Year/Semester-2/COS-326/Pracs/ODB-Pracs/prac2/db/objectdb.odb' is opened by 381825@Leptope

[2024-08-18 23:14:40 #13 store] 
Configuration path: ?

[2024-08-18 23:14:40 #14 store] 
Database '/home/bobog/Documents/Code-Repos/Third-Year/Semester-2/COS-326/Pracs/ODB-Pracs/prac2/db/objectdb.odb' is closed by 381825@Leptope

[2024-08-18 23:14:42 #15 store] 
Database '/home/bobog/Documents/Code-Repos/Third-Year/Semester-2/COS-326/Pracs/ODB-Pracs/prac2/db/objectdb.odb' is opened by 381825@Leptope

[2024-08-18 23:14:42 #16 store] 
Configuration path: ?

[2024-08-18 23:14:42 #17 store] 
Database '/home/bobog/Documents/Code-Repos/Third-Year/Semester-2/COS-326/Pracs/ODB-Pracs/prac2/db/objectdb.odb' is closed by 381825@Leptope

[2024-08-18 23:14:44 #18 store] 
Database '/home/bobog/Documents/Code-Repos/Third-Year/Semester-2/COS-326/Pracs/ODB-Pracs/prac2/db/objectdb.odb' is opened by 381825@Leptope

[2024-08-18 23:14:44 #19 store] 
Configuration path: ?

[2024-08-18 23:14:44 #20 store] 
Database '/home/bobog/Documents/Code-Repos/Third-Year/Semester-2/COS-326/Pracs/ODB-Pracs/prac2/db/objectdb.odb' is closed by 381825@Leptope

[2024-08-18 23:14:44 #21 store] 
Database '/home/bobog/Documents/Code-Repos/Third-Year/Semester-2/COS-326/Pracs/ODB-Pracs/prac2/db/objectdb.odb' is opened by 381825@Leptope

[2024-08-18 23:14:44 #22 store] 
Configuration path: ?

[2024-08-18 23:14:44 #23 store] 
Database '/home/bobog/Documents/Code-Repos/Third-Year/Semester-2/COS-326/Pracs/ODB-Pracs/prac2/db/objectdb.odb' is closed by 381825@Leptope

[2024-08-18 23:14:47 #24 store] 
Database '/home/bobog/Documents/Code-Repos/Third-Year/Semester-2/COS-326/Pracs/ODB-Pracs/prac2/db/objectdb.odb' is opened by 381825@Leptope

[2024-08-18 23:14:47 #25 store] 
Configuration path: ?

[2024-08-18 23:14:47 #26 store] 
Database '/home/bobog/Documents/Code-Repos/Third-Year/Semester-2/COS-326/Pracs/ODB-Pracs/prac2/db/objectdb.odb' is closed by 381825@Leptope

[2024-08-18 23:14:50 #27 store] 
Database '/home/bobog/Documents/Code-Repos/Third-Year/Semester-2/COS-326/Pracs/ODB-Pracs/prac2/db/objectdb.odb' is opened by 381825@Leptope

[2024-08-18 23:14:50 #28 store] 
Configuration path: ?

[2024-08-18 23:14:50 #29 store] 
Database '/home/bobog/Documents/Code-Repos/Third-Year/Semester-2/COS-326/Pracs/ODB-Pracs/prac2/db/objectdb.odb' is closed by 381825@Leptope

[2024-08-18 23:14:52 #30 store] 
Database '/home/bobog/Documents/Code-Repos/Third-Year/Semester-2/COS-326/Pracs/ODB-Pracs/prac2/db/objectdb.odb' is opened by 381825@Leptope

[2024-08-18 23:14:52 #31 store] 
Configuration path: ?

[2024-08-18 23:14:52 #32 store] 
Database '/home/bobog/Documents/Code-Repos/Third-Year/Semester-2/COS-326/Pracs/ODB-Pracs/prac2/db/objectdb.odb' is closed by 381825@Leptope

[2024-08-18 23:14:53 #33 store] 
Database '/home/bobog/Documents/Code-Repos/Third-Year/Semester-2/COS-326/Pracs/ODB-Pracs/prac2/db/objectdb.odb' is opened by 381825@Leptope

[2024-08-18 23:14:53 #34 store] 
Configuration path: ?

[2024-08-18 23:14:53 #35 store] 
Database '/home/bobog/Documents/Code-Repos/Third-Year/Semester-2/COS-326/Pracs/ODB-Pracs/prac2/db/objectdb.odb' is closed by 381825@Leptope

[2024-08-18 23:14:55 #36 store] 
Database '/home/bobog/Documents/Code-Repos/Third-Year/Semester-2/COS-326/Pracs/ODB-Pracs/prac2/db/objectdb.odb' is opened by 381825@Leptope

[2024-08-18 23:14:55 #37 store] 
Configuration path: ?

[2024-08-18 23:14:55 #38 store] 
Database '/home/bobog/Documents/Code-Repos/Third-Year/Semester-2/COS-326/Pracs/ODB-Pracs/prac2/db/objectdb.odb' is closed by 381825@Leptope

------------------------------------------------------------------------------------------------------------------------

[2024-08-18 23:20:42 #1 type] 
Type prac2.Transaction is not enhanced.

[2024-08-18 23:20:42 #2 type] 
Type prac2.BankAccount is not enhanced.

